<?xml version="1.0" encoding="UTF-8"?>
<testsuite xmlns:xsi="http://www.w3.org/2001/XMLSchema-instance" xsi:noNamespaceSchemaLocation="https://maven.apache.org/surefire/maven-surefire-plugin/xsd/surefire-test-report-3.0.xsd" version="3.0" name="it.unipd.mtss.IntegerToRomanTest" time="0.011" tests="3" errors="0" skipped="0" failures="0">
  <properties>
[...]
</properties>
  <testcase name="testConvert_UnderLimit" classname="it.unipd.mtss.IntegerToRomanTest" time="0.005"/>
  <testcase name="testConvert_OverLimit" classname="it.unipd.mtss.IntegerToRomanTest" time="0.001"/>
  <testcase name="testConvert_ValidNumbers" classname="it.unipd.mtss.IntegerToRomanTest" time="0.003"/>
</testsuite>